09-Dec-2021 16:19:30.853 INFO [main] org.apache.catalina.startup.VersionLoggerListener.log Server version name:   Apache Tomcat/9.0.55
09-Dec-2021 16:19:30.866 INFO [main] org.apache.catalina.startup.VersionLoggerListener.log Server built:          Nov 10 2021 08:26:45 UTC
09-Dec-2021 16:19:30.867 INFO [main] org.apache.catalina.startup.VersionLoggerListener.log Server version number: 9.0.55.0
09-Dec-2021 16:19:30.868 INFO [main] org.apache.catalina.startup.VersionLoggerListener.log OS Name:               Linux
09-Dec-2021 16:19:30.869 INFO [main] org.apache.catalina.startup.VersionLoggerListener.log OS Version:            5.4.139-16311-g330b3df0010b
09-Dec-2021 16:19:30.870 INFO [main] org.apache.catalina.startup.VersionLoggerListener.log Architecture:          aarch64
09-Dec-2021 16:19:30.870 INFO [main] org.apache.catalina.startup.VersionLoggerListener.log Java Home:             /usr/lib/jvm/java-11-openjdk-arm64
09-Dec-2021 16:19:30.871 INFO [main] org.apache.catalina.startup.VersionLoggerListener.log JVM Version:           11.0.12+7-post-Debian-2deb10u1
09-Dec-2021 16:19:30.872 INFO [main] org.apache.catalina.startup.VersionLoggerListener.log JVM Vendor:            Debian
09-Dec-2021 16:19:30.872 INFO [main] org.apache.catalina.startup.VersionLoggerListener.log CATALINA_BASE:         /home/beaverton/Apache/apache-tomcat-9.0.55
09-Dec-2021 16:19:30.873 INFO [main] org.apache.catalina.startup.VersionLoggerListener.log CATALINA_HOME:         /home/beaverton/Apache/apache-tomcat-9.0.55
09-Dec-2021 16:19:30.930 INFO [main] org.apache.catalina.startup.VersionLoggerListener.log Command line argument: --add-opens=java.base/java.lang=ALL-UNNAMED
09-Dec-2021 16:19:30.931 INFO [main] org.apache.catalina.startup.VersionLoggerListener.log Command line argument: --add-opens=java.base/java.io=ALL-UNNAMED
09-Dec-2021 16:19:30.932 INFO [main] org.apache.catalina.startup.VersionLoggerListener.log Command line argument: --add-opens=java.base/java.util=ALL-UNNAMED
09-Dec-2021 16:19:30.932 INFO [main] org.apache.catalina.startup.VersionLoggerListener.log Command line argument: --add-opens=java.base/java.util.concurrent=ALL-UNNAMED
09-Dec-2021 16:19:30.933 INFO [main] org.apache.catalina.startup.VersionLoggerListener.log Command line argument: --add-opens=java.rmi/sun.rmi.transport=ALL-UNNAMED
09-Dec-2021 16:19:30.934 INFO [main] org.apache.catalina.startup.VersionLoggerListener.log Command line argument: -Djava.util.logging.config.file=/home/beaverton/Apache/apache-tomcat-9.0.55/conf/logging.properties
09-Dec-2021 16:19:30.935 INFO [main] org.apache.catalina.startup.VersionLoggerListener.log Command line argument: -Djava.util.logging.manager=org.apache.juli.ClassLoaderLogManager
09-Dec-2021 16:19:30.935 INFO [main] org.apache.catalina.startup.VersionLoggerListener.log Command line argument: -Djdk.tls.ephemeralDHKeySize=2048
09-Dec-2021 16:19:30.936 INFO [main] org.apache.catalina.startup.VersionLoggerListener.log Command line argument: -Djava.protocol.handler.pkgs=org.apache.catalina.webresources
09-Dec-2021 16:19:30.937 INFO [main] org.apache.catalina.startup.VersionLoggerListener.log Command line argument: -Dorg.apache.catalina.security.SecurityListener.UMASK=0027
09-Dec-2021 16:19:30.937 INFO [main] org.apache.catalina.startup.VersionLoggerListener.log Command line argument: -Dignore.endorsed.dirs=
09-Dec-2021 16:19:30.938 INFO [main] org.apache.catalina.startup.VersionLoggerListener.log Command line argument: -Dcatalina.base=/home/beaverton/Apache/apache-tomcat-9.0.55
09-Dec-2021 16:19:30.938 INFO [main] org.apache.catalina.startup.VersionLoggerListener.log Command line argument: -Dcatalina.home=/home/beaverton/Apache/apache-tomcat-9.0.55
09-Dec-2021 16:19:30.939 INFO [main] org.apache.catalina.startup.VersionLoggerListener.log Command line argument: -Djava.io.tmpdir=/home/beaverton/Apache/apache-tomcat-9.0.55/temp
09-Dec-2021 16:19:30.944 INFO [main] org.apache.catalina.core.AprLifecycleListener.lifecycleEvent The Apache Tomcat Native library which allows using OpenSSL was not found on the java.library.path: [/usr/java/packages/lib:/usr/lib/aarch64-linux-gnu/jni:/lib/aarch64-linux-gnu:/usr/lib/aarch64-linux-gnu:/usr/lib/jni:/lib:/usr/lib]
09-Dec-2021 16:19:32.480 INFO [main] org.apache.coyote.AbstractProtocol.init Initializing ProtocolHandler ["http-nio-8080"]
09-Dec-2021 16:19:32.558 SEVERE [main] org.apache.catalina.util.LifecycleBase.handleSubClassException Failed to initialize component [Connector[HTTP/1.1-8080]]
	org.apache.catalina.LifecycleException: Protocol handler initialization failed
		at org.apache.catalina.connector.Connector.initInternal(Connector.java:1049)
		at org.apache.catalina.util.LifecycleBase.init(LifecycleBase.java:136)
		at org.apache.catalina.core.StandardService.initInternal(StandardService.java:556)
		at org.apache.catalina.util.LifecycleBase.init(LifecycleBase.java:136)
		at org.apache.catalina.core.StandardServer.initInternal(StandardServer.java:1042)
		at org.apache.catalina.util.LifecycleBase.init(LifecycleBase.java:136)
		at org.apache.catalina.startup.Catalina.load(Catalina.java:724)
		at org.apache.catalina.startup.Catalina.load(Catalina.java:746)
		at java.base/jdk.internal.reflect.NativeMethodAccessorImpl.invoke0(Native Method)
		at java.base/jdk.internal.reflect.NativeMethodAccessorImpl.invoke(NativeMethodAccessorImpl.java:62)
		at java.base/jdk.internal.reflect.DelegatingMethodAccessorImpl.invoke(DelegatingMethodAccessorImpl.java:43)
		at java.base/java.lang.reflect.Method.invoke(Method.java:566)
		at org.apache.catalina.startup.Bootstrap.load(Bootstrap.java:305)
		at org.apache.catalina.startup.Bootstrap.main(Bootstrap.java:475)
	Caused by: java.net.BindException: Address already in use
		at java.base/sun.nio.ch.Net.bind0(Native Method)
		at java.base/sun.nio.ch.Net.bind(Net.java:455)
		at java.base/sun.nio.ch.Net.bind(Net.java:447)
		at java.base/sun.nio.ch.ServerSocketChannelImpl.bind(ServerSocketChannelImpl.java:227)
		at org.apache.tomcat.util.net.NioEndpoint.initServerSocket(NioEndpoint.java:271)
		at org.apache.tomcat.util.net.NioEndpoint.bind(NioEndpoint.java:226)
		at org.apache.tomcat.util.net.AbstractEndpoint.bindWithCleanup(AbstractEndpoint.java:1213)
		at org.apache.tomcat.util.net.AbstractEndpoint.init(AbstractEndpoint.java:1226)
		at org.apache.coyote.AbstractProtocol.init(AbstractProtocol.java:603)
		at org.apache.coyote.http11.AbstractHttp11Protocol.init(AbstractHttp11Protocol.java:80)
		at org.apache.catalina.connector.Connector.initInternal(Connector.java:1046)
		... 13 more
09-Dec-2021 16:19:32.563 INFO [main] org.apache.catalina.startup.Catalina.load Server initialization in [2557] milliseconds
09-Dec-2021 16:19:32.830 INFO [main] org.apache.catalina.core.StandardService.startInternal Starting service [Catalina]
09-Dec-2021 16:19:32.831 INFO [main] org.apache.catalina.core.StandardEngine.startInternal Starting Servlet engine: [Apache Tomcat/9.0.55]
09-Dec-2021 16:19:32.864 INFO [main] org.apache.catalina.startup.HostConfig.deployDirectory Deploying web application directory [/home/beaverton/Apache/apache-tomcat-9.0.55/webapps/ROOT]
09-Dec-2021 16:19:33.944 INFO [main] org.apache.catalina.startup.HostConfig.deployDirectory Deployment of web application directory [/home/beaverton/Apache/apache-tomcat-9.0.55/webapps/ROOT] has finished in [1,079] ms
09-Dec-2021 16:19:33.945 INFO [main] org.apache.catalina.startup.HostConfig.deployDirectory Deploying web application directory [/home/beaverton/Apache/apache-tomcat-9.0.55/webapps/docs]
09-Dec-2021 16:19:34.022 INFO [main] org.apache.catalina.startup.HostConfig.deployDirectory Deployment of web application directory [/home/beaverton/Apache/apache-tomcat-9.0.55/webapps/docs] has finished in [77] ms
09-Dec-2021 16:19:34.024 INFO [main] org.apache.catalina.startup.HostConfig.deployDirectory Deploying web application directory [/home/beaverton/Apache/apache-tomcat-9.0.55/webapps/examples]
09-Dec-2021 16:19:35.246 INFO [main] org.apache.catalina.startup.HostConfig.deployDirectory Deployment of web application directory [/home/beaverton/Apache/apache-tomcat-9.0.55/webapps/examples] has finished in [1,222] ms
09-Dec-2021 16:19:35.247 INFO [main] org.apache.catalina.startup.HostConfig.deployDirectory Deploying web application directory [/home/beaverton/Apache/apache-tomcat-9.0.55/webapps/host-manager]
09-Dec-2021 16:19:35.412 INFO [main] org.apache.catalina.startup.HostConfig.deployDirectory Deployment of web application directory [/home/beaverton/Apache/apache-tomcat-9.0.55/webapps/host-manager] has finished in [164] ms
09-Dec-2021 16:19:35.413 INFO [main] org.apache.catalina.startup.HostConfig.deployDirectory Deploying web application directory [/home/beaverton/Apache/apache-tomcat-9.0.55/webapps/manager]
09-Dec-2021 16:19:35.566 INFO [main] org.apache.catalina.startup.HostConfig.deployDirectory Deployment of web application directory [/home/beaverton/Apache/apache-tomcat-9.0.55/webapps/manager] has finished in [152] ms
09-Dec-2021 16:19:35.600 INFO [main] org.apache.catalina.startup.Catalina.start Server startup in [3036] milliseconds
09-Dec-2021 16:19:35.620 SEVERE [main] org.apache.catalina.core.StandardServer.await Failed to create server shutdown socket on address [localhost] and port [8005] (base port [8005] and offset [0])
	java.net.BindException: Address already in use (Bind failed)
		at java.base/java.net.PlainSocketImpl.socketBind(Native Method)
		at java.base/java.net.AbstractPlainSocketImpl.bind(AbstractPlainSocketImpl.java:436)
		at java.base/java.net.ServerSocket.bind(ServerSocket.java:395)
		at java.base/java.net.ServerSocket.<init>(ServerSocket.java:257)
		at org.apache.catalina.core.StandardServer.await(StandardServer.java:577)
		at org.apache.catalina.startup.Catalina.await(Catalina.java:864)
		at org.apache.catalina.startup.Catalina.start(Catalina.java:810)
		at java.base/jdk.internal.reflect.NativeMethodAccessorImpl.invoke0(Native Method)
		at java.base/jdk.internal.reflect.NativeMethodAccessorImpl.invoke(NativeMethodAccessorImpl.java:62)
		at java.base/jdk.internal.reflect.DelegatingMethodAccessorImpl.invoke(DelegatingMethodAccessorImpl.java:43)
		at java.base/java.lang.reflect.Method.invoke(Method.java:566)
		at org.apache.catalina.startup.Bootstrap.start(Bootstrap.java:345)
		at org.apache.catalina.startup.Bootstrap.main(Bootstrap.java:476)
09-Dec-2021 16:19:35.623 INFO [main] org.apache.coyote.AbstractProtocol.pause Pausing ProtocolHandler ["http-nio-8080"]
09-Dec-2021 16:19:35.623 INFO [main] org.apache.catalina.core.StandardService.stopInternal Stopping service [Catalina]
09-Dec-2021 16:19:35.739 INFO [main] org.apache.coyote.AbstractProtocol.stop Stopping ProtocolHandler ["http-nio-8080"]
09-Dec-2021 16:19:35.748 INFO [main] org.apache.coyote.AbstractProtocol.destroy Destroying ProtocolHandler ["http-nio-8080"]
09-Dec-2021 16:23:39.744 INFO [http-nio-8080-exec-2] org.apache.coyote.http11.Http11Processor.service Error parsing HTTP request header
 Note: further occurrences of HTTP request parsing errors will be logged at DEBUG level.
	java.lang.IllegalArgumentException: Invalid character found in method name [0x160x030x010x020x000x010x000x010xfc0x030x030xa90xda,UbY0x06Ta0xa80xa70xdf]=_0x040x0b0xe5<=#0x1e0xd4u0x8dx0x9b0x890xcbV>0x0e ]. HTTP method names must be tokens
		at org.apache.coyote.http11.Http11InputBuffer.parseRequestLine(Http11InputBuffer.java:419)
		at org.apache.coyote.http11.Http11Processor.service(Http11Processor.java:269)
		at org.apache.coyote.AbstractProcessorLight.process(AbstractProcessorLight.java:65)
		at org.apache.coyote.AbstractProtocol$ConnectionHandler.process(AbstractProtocol.java:895)
		at org.apache.tomcat.util.net.NioEndpoint$SocketProcessor.doRun(NioEndpoint.java:1722)
		at org.apache.tomcat.util.net.SocketProcessorBase.run(SocketProcessorBase.java:49)
		at org.apache.tomcat.util.threads.ThreadPoolExecutor.runWorker(ThreadPoolExecutor.java:1191)
		at org.apache.tomcat.util.threads.ThreadPoolExecutor$Worker.run(ThreadPoolExecutor.java:659)
		at org.apache.tomcat.util.threads.TaskThread$WrappingRunnable.run(TaskThread.java:61)
		at java.base/java.lang.Thread.run(Thread.java:829)
09-Dec-2021 16:23:39.744 INFO [http-nio-8080-exec-4] org.apache.coyote.http11.Http11Processor.service Error parsing HTTP request header
 Note: further occurrences of HTTP request parsing errors will be logged at DEBUG level.
	java.lang.IllegalArgumentException: Invalid character found in method name [0x160x030x010x020x000x010x000x010xfc0x030x03?E40xc90xf90xac0x9em0x18l0x1d'W0xff>T[K30x80z0x95K*0x900x14lm0xd90x8cH0xed ]. HTTP method names must be tokens
		at org.apache.coyote.http11.Http11InputBuffer.parseRequestLine(Http11InputBuffer.java:419)
		at org.apache.coyote.http11.Http11Processor.service(Http11Processor.java:269)
		at org.apache.coyote.AbstractProcessorLight.process(AbstractProcessorLight.java:65)
		at org.apache.coyote.AbstractProtocol$ConnectionHandler.process(AbstractProtocol.java:895)
		at org.apache.tomcat.util.net.NioEndpoint$SocketProcessor.doRun(NioEndpoint.java:1722)
		at org.apache.tomcat.util.net.SocketProcessorBase.run(SocketProcessorBase.java:49)
		at org.apache.tomcat.util.threads.ThreadPoolExecutor.runWorker(ThreadPoolExecutor.java:1191)
		at org.apache.tomcat.util.threads.ThreadPoolExecutor$Worker.run(ThreadPoolExecutor.java:659)
		at org.apache.tomcat.util.threads.TaskThread$WrappingRunnable.run(TaskThread.java:61)
		at java.base/java.lang.Thread.run(Thread.java:829)
09-Dec-2021 16:45:42.330 INFO [Catalina-utility-1] org.apache.catalina.users.MemoryUserDatabase.backgroundProcess Reloading memory user database [UserDatabase] from updated source [file:/home/beaverton/Apache/apache-tomcat-9.0.55/conf/tomcat-users.xml]
09-Dec-2021 16:46:25.966 INFO [main] org.apache.catalina.core.StandardServer.await A valid shutdown command was received via the shutdown port. Stopping the Server instance.
09-Dec-2021 16:46:25.970 INFO [main] org.apache.coyote.AbstractProtocol.pause Pausing ProtocolHandler ["http-nio-8080"]
09-Dec-2021 16:46:25.983 INFO [main] org.apache.catalina.core.StandardService.stopInternal Stopping service [Catalina]
09-Dec-2021 16:46:26.112 INFO [main] org.apache.coyote.AbstractProtocol.stop Stopping ProtocolHandler ["http-nio-8080"]
09-Dec-2021 16:46:26.130 INFO [main] org.apache.coyote.AbstractProtocol.destroy Destroying ProtocolHandler ["http-nio-8080"]
09-Dec-2021 16:46:44.977 INFO [main] org.apache.catalina.startup.VersionLoggerListener.log Server version name:   Apache Tomcat/9.0.55
09-Dec-2021 16:46:44.991 INFO [main] org.apache.catalina.startup.VersionLoggerListener.log Server built:          Nov 10 2021 08:26:45 UTC
09-Dec-2021 16:46:44.992 INFO [main] org.apache.catalina.startup.VersionLoggerListener.log Server version number: 9.0.55.0
09-Dec-2021 16:46:44.993 INFO [main] org.apache.catalina.startup.VersionLoggerListener.log OS Name:               Linux
09-Dec-2021 16:46:44.994 INFO [main] org.apache.catalina.startup.VersionLoggerListener.log OS Version:            5.4.139-16311-g330b3df0010b
09-Dec-2021 16:46:44.994 INFO [main] org.apache.catalina.startup.VersionLoggerListener.log Architecture:          aarch64
09-Dec-2021 16:46:44.996 INFO [main] org.apache.catalina.startup.VersionLoggerListener.log Java Home:             /usr/lib/jvm/java-11-openjdk-arm64
09-Dec-2021 16:46:44.996 INFO [main] org.apache.catalina.startup.VersionLoggerListener.log JVM Version:           11.0.12+7-post-Debian-2deb10u1
09-Dec-2021 16:46:44.997 INFO [main] org.apache.catalina.startup.VersionLoggerListener.log JVM Vendor:            Debian
09-Dec-2021 16:46:44.998 INFO [main] org.apache.catalina.startup.VersionLoggerListener.log CATALINA_BASE:         /home/beaverton/Apache/apache-tomcat-9.0.55
09-Dec-2021 16:46:44.998 INFO [main] org.apache.catalina.startup.VersionLoggerListener.log CATALINA_HOME:         /home/beaverton/Apache/apache-tomcat-9.0.55
09-Dec-2021 16:46:45.074 INFO [main] org.apache.catalina.startup.VersionLoggerListener.log Command line argument: --add-opens=java.base/java.lang=ALL-UNNAMED
09-Dec-2021 16:46:45.075 INFO [main] org.apache.catalina.startup.VersionLoggerListener.log Command line argument: --add-opens=java.base/java.io=ALL-UNNAMED
09-Dec-2021 16:46:45.075 INFO [main] org.apache.catalina.startup.VersionLoggerListener.log Command line argument: --add-opens=java.base/java.util=ALL-UNNAMED
09-Dec-2021 16:46:45.076 INFO [main] org.apache.catalina.startup.VersionLoggerListener.log Command line argument: --add-opens=java.base/java.util.concurrent=ALL-UNNAMED
09-Dec-2021 16:46:45.077 INFO [main] org.apache.catalina.startup.VersionLoggerListener.log Command line argument: --add-opens=java.rmi/sun.rmi.transport=ALL-UNNAMED
09-Dec-2021 16:46:45.078 INFO [main] org.apache.catalina.startup.VersionLoggerListener.log Command line argument: -Djava.util.logging.config.file=/home/beaverton/Apache/apache-tomcat-9.0.55/conf/logging.properties
09-Dec-2021 16:46:45.078 INFO [main] org.apache.catalina.startup.VersionLoggerListener.log Command line argument: -Djava.util.logging.manager=org.apache.juli.ClassLoaderLogManager
09-Dec-2021 16:46:45.079 INFO [main] org.apache.catalina.startup.VersionLoggerListener.log Command line argument: -Djdk.tls.ephemeralDHKeySize=2048
09-Dec-2021 16:46:45.079 INFO [main] org.apache.catalina.startup.VersionLoggerListener.log Command line argument: -Djava.protocol.handler.pkgs=org.apache.catalina.webresources
09-Dec-2021 16:46:45.080 INFO [main] org.apache.catalina.startup.VersionLoggerListener.log Command line argument: -Dorg.apache.catalina.security.SecurityListener.UMASK=0027
09-Dec-2021 16:46:45.080 INFO [main] org.apache.catalina.startup.VersionLoggerListener.log Command line argument: -Dignore.endorsed.dirs=
09-Dec-2021 16:46:45.081 INFO [main] org.apache.catalina.startup.VersionLoggerListener.log Command line argument: -Dcatalina.base=/home/beaverton/Apache/apache-tomcat-9.0.55
09-Dec-2021 16:46:45.082 INFO [main] org.apache.catalina.startup.VersionLoggerListener.log Command line argument: -Dcatalina.home=/home/beaverton/Apache/apache-tomcat-9.0.55
09-Dec-2021 16:46:45.082 INFO [main] org.apache.catalina.startup.VersionLoggerListener.log Command line argument: -Djava.io.tmpdir=/home/beaverton/Apache/apache-tomcat-9.0.55/temp
09-Dec-2021 16:46:45.087 INFO [main] org.apache.catalina.core.AprLifecycleListener.lifecycleEvent The Apache Tomcat Native library which allows using OpenSSL was not found on the java.library.path: [/usr/java/packages/lib:/usr/lib/aarch64-linux-gnu/jni:/lib/aarch64-linux-gnu:/usr/lib/aarch64-linux-gnu:/usr/lib/jni:/lib:/usr/lib]
09-Dec-2021 16:46:46.696 INFO [main] org.apache.coyote.AbstractProtocol.init Initializing ProtocolHandler ["http-nio-8080"]
09-Dec-2021 16:46:46.818 INFO [main] org.apache.catalina.startup.Catalina.load Server initialization in [2700] milliseconds
09-Dec-2021 16:46:47.104 INFO [main] org.apache.catalina.core.StandardService.startInternal Starting service [Catalina]
09-Dec-2021 16:46:47.106 INFO [main] org.apache.catalina.core.StandardEngine.startInternal Starting Servlet engine: [Apache Tomcat/9.0.55]
09-Dec-2021 16:46:47.141 INFO [main] org.apache.catalina.startup.HostConfig.deployDirectory Deploying web application directory [/home/beaverton/Apache/apache-tomcat-9.0.55/webapps/ROOT]
09-Dec-2021 16:46:48.164 INFO [main] org.apache.catalina.startup.HostConfig.deployDirectory Deployment of web application directory [/home/beaverton/Apache/apache-tomcat-9.0.55/webapps/ROOT] has finished in [1,021] ms
09-Dec-2021 16:46:48.165 INFO [main] org.apache.catalina.startup.HostConfig.deployDirectory Deploying web application directory [/home/beaverton/Apache/apache-tomcat-9.0.55/webapps/docs]
09-Dec-2021 16:46:48.236 INFO [main] org.apache.catalina.startup.HostConfig.deployDirectory Deployment of web application directory [/home/beaverton/Apache/apache-tomcat-9.0.55/webapps/docs] has finished in [70] ms
09-Dec-2021 16:46:48.237 INFO [main] org.apache.catalina.startup.HostConfig.deployDirectory Deploying web application directory [/home/beaverton/Apache/apache-tomcat-9.0.55/webapps/examples]
09-Dec-2021 16:46:49.327 INFO [main] org.apache.catalina.startup.HostConfig.deployDirectory Deployment of web application directory [/home/beaverton/Apache/apache-tomcat-9.0.55/webapps/examples] has finished in [1,090] ms
09-Dec-2021 16:46:49.328 INFO [main] org.apache.catalina.startup.HostConfig.deployDirectory Deploying web application directory [/home/beaverton/Apache/apache-tomcat-9.0.55/webapps/host-manager]
09-Dec-2021 16:46:49.449 INFO [main] org.apache.catalina.startup.HostConfig.deployDirectory Deployment of web application directory [/home/beaverton/Apache/apache-tomcat-9.0.55/webapps/host-manager] has finished in [121] ms
09-Dec-2021 16:46:49.450 INFO [main] org.apache.catalina.startup.HostConfig.deployDirectory Deploying web application directory [/home/beaverton/Apache/apache-tomcat-9.0.55/webapps/manager]
09-Dec-2021 16:46:49.557 INFO [main] org.apache.catalina.startup.HostConfig.deployDirectory Deployment of web application directory [/home/beaverton/Apache/apache-tomcat-9.0.55/webapps/manager] has finished in [107] ms
09-Dec-2021 16:46:49.577 INFO [main] org.apache.coyote.AbstractProtocol.start Starting ProtocolHandler ["http-nio-8080"]
09-Dec-2021 16:46:49.617 INFO [main] org.apache.catalina.startup.Catalina.start Server startup in [2797] milliseconds
09-Dec-2021 17:19:11.754 INFO [Catalina-utility-1] org.apache.catalina.users.MemoryUserDatabase.backgroundProcess Reloading memory user database [UserDatabase] from updated source [file:/home/beaverton/Apache/apache-tomcat-9.0.55/conf/tomcat-users.xml]
09-Dec-2021 17:31:22.482 INFO [Catalina-utility-1] org.apache.catalina.users.MemoryUserDatabase.backgroundProcess Reloading memory user database [UserDatabase] from updated source [file:/home/beaverton/Apache/apache-tomcat-9.0.55/conf/tomcat-users.xml]
09-Dec-2021 17:32:30.290 INFO [main] org.apache.catalina.core.StandardServer.await A valid shutdown command was received via the shutdown port. Stopping the Server instance.
09-Dec-2021 17:32:30.293 INFO [main] org.apache.coyote.AbstractProtocol.pause Pausing ProtocolHandler ["http-nio-8080"]
09-Dec-2021 17:32:30.303 INFO [main] org.apache.catalina.core.StandardService.stopInternal Stopping service [Catalina]
09-Dec-2021 17:32:30.491 INFO [main] org.apache.coyote.AbstractProtocol.stop Stopping ProtocolHandler ["http-nio-8080"]
09-Dec-2021 17:32:30.522 INFO [main] org.apache.coyote.AbstractProtocol.destroy Destroying ProtocolHandler ["http-nio-8080"]
09-Dec-2021 17:32:53.184 INFO [main] org.apache.catalina.startup.VersionLoggerListener.log Server version name:   Apache Tomcat/9.0.55
09-Dec-2021 17:32:53.195 INFO [main] org.apache.catalina.startup.VersionLoggerListener.log Server built:          Nov 10 2021 08:26:45 UTC
09-Dec-2021 17:32:53.196 INFO [main] org.apache.catalina.startup.VersionLoggerListener.log Server version number: 9.0.55.0
09-Dec-2021 17:32:53.197 INFO [main] org.apache.catalina.startup.VersionLoggerListener.log OS Name:               Linux
09-Dec-2021 17:32:53.198 INFO [main] org.apache.catalina.startup.VersionLoggerListener.log OS Version:            5.4.139-16311-g330b3df0010b
09-Dec-2021 17:32:53.198 INFO [main] org.apache.catalina.startup.VersionLoggerListener.log Architecture:          aarch64
09-Dec-2021 17:32:53.199 INFO [main] org.apache.catalina.startup.VersionLoggerListener.log Java Home:             /usr/lib/jvm/java-11-openjdk-arm64
09-Dec-2021 17:32:53.200 INFO [main] org.apache.catalina.startup.VersionLoggerListener.log JVM Version:           11.0.12+7-post-Debian-2deb10u1
09-Dec-2021 17:32:53.200 INFO [main] org.apache.catalina.startup.VersionLoggerListener.log JVM Vendor:            Debian
09-Dec-2021 17:32:53.201 INFO [main] org.apache.catalina.startup.VersionLoggerListener.log CATALINA_BASE:         /home/beaverton/Apache/apache-tomcat-9.0.55
09-Dec-2021 17:32:53.202 INFO [main] org.apache.catalina.startup.VersionLoggerListener.log CATALINA_HOME:         /home/beaverton/Apache/apache-tomcat-9.0.55
09-Dec-2021 17:32:53.248 INFO [main] org.apache.catalina.startup.VersionLoggerListener.log Command line argument: --add-opens=java.base/java.lang=ALL-UNNAMED
09-Dec-2021 17:32:53.248 INFO [main] org.apache.catalina.startup.VersionLoggerListener.log Command line argument: --add-opens=java.base/java.io=ALL-UNNAMED
09-Dec-2021 17:32:53.253 INFO [main] org.apache.catalina.startup.VersionLoggerListener.log Command line argument: --add-opens=java.base/java.util=ALL-UNNAMED
09-Dec-2021 17:32:53.254 INFO [main] org.apache.catalina.startup.VersionLoggerListener.log Command line argument: --add-opens=java.base/java.util.concurrent=ALL-UNNAMED
09-Dec-2021 17:32:53.255 INFO [main] org.apache.catalina.startup.VersionLoggerListener.log Command line argument: --add-opens=java.rmi/sun.rmi.transport=ALL-UNNAMED
09-Dec-2021 17:32:53.255 INFO [main] org.apache.catalina.startup.VersionLoggerListener.log Command line argument: -Djava.util.logging.config.file=/home/beaverton/Apache/apache-tomcat-9.0.55/conf/logging.properties
09-Dec-2021 17:32:53.256 INFO [main] org.apache.catalina.startup.VersionLoggerListener.log Command line argument: -Djava.util.logging.manager=org.apache.juli.ClassLoaderLogManager
09-Dec-2021 17:32:53.256 INFO [main] org.apache.catalina.startup.VersionLoggerListener.log Command line argument: -Djdk.tls.ephemeralDHKeySize=2048
09-Dec-2021 17:32:53.256 INFO [main] org.apache.catalina.startup.VersionLoggerListener.log Command line argument: -Djava.protocol.handler.pkgs=org.apache.catalina.webresources
09-Dec-2021 17:32:53.257 INFO [main] org.apache.catalina.startup.VersionLoggerListener.log Command line argument: -Dorg.apache.catalina.security.SecurityListener.UMASK=0027
09-Dec-2021 17:32:53.257 INFO [main] org.apache.catalina.startup.VersionLoggerListener.log Command line argument: -Dignore.endorsed.dirs=
09-Dec-2021 17:32:53.258 INFO [main] org.apache.catalina.startup.VersionLoggerListener.log Command line argument: -Dcatalina.base=/home/beaverton/Apache/apache-tomcat-9.0.55
09-Dec-2021 17:32:53.258 INFO [main] org.apache.catalina.startup.VersionLoggerListener.log Command line argument: -Dcatalina.home=/home/beaverton/Apache/apache-tomcat-9.0.55
09-Dec-2021 17:32:53.259 INFO [main] org.apache.catalina.startup.VersionLoggerListener.log Command line argument: -Djava.io.tmpdir=/home/beaverton/Apache/apache-tomcat-9.0.55/temp
09-Dec-2021 17:32:53.264 INFO [main] org.apache.catalina.core.AprLifecycleListener.lifecycleEvent The Apache Tomcat Native library which allows using OpenSSL was not found on the java.library.path: [/usr/java/packages/lib:/usr/lib/aarch64-linux-gnu/jni:/lib/aarch64-linux-gnu:/usr/lib/aarch64-linux-gnu:/usr/lib/jni:/lib:/usr/lib]
09-Dec-2021 17:32:54.868 INFO [main] org.apache.coyote.AbstractProtocol.init Initializing ProtocolHandler ["http-nio-8080"]
09-Dec-2021 17:32:54.997 INFO [main] org.apache.catalina.startup.Catalina.load Server initialization in [2674] milliseconds
09-Dec-2021 17:32:55.312 INFO [main] org.apache.catalina.core.StandardService.startInternal Starting service [Catalina]
09-Dec-2021 17:32:55.314 INFO [main] org.apache.catalina.core.StandardEngine.startInternal Starting Servlet engine: [Apache Tomcat/9.0.55]
09-Dec-2021 17:32:55.345 INFO [main] org.apache.catalina.startup.HostConfig.deployDirectory Deploying web application directory [/home/beaverton/Apache/apache-tomcat-9.0.55/webapps/ROOT]
09-Dec-2021 17:32:56.628 INFO [main] org.apache.catalina.startup.HostConfig.deployDirectory Deployment of web application directory [/home/beaverton/Apache/apache-tomcat-9.0.55/webapps/ROOT] has finished in [1,279] ms
09-Dec-2021 17:32:56.631 INFO [main] org.apache.catalina.startup.HostConfig.deployDirectory Deploying web application directory [/home/beaverton/Apache/apache-tomcat-9.0.55/webapps/docs]
09-Dec-2021 17:32:56.760 INFO [main] org.apache.catalina.startup.HostConfig.deployDirectory Deployment of web application directory [/home/beaverton/Apache/apache-tomcat-9.0.55/webapps/docs] has finished in [129] ms
09-Dec-2021 17:32:56.761 INFO [main] org.apache.catalina.startup.HostConfig.deployDirectory Deploying web application directory [/home/beaverton/Apache/apache-tomcat-9.0.55/webapps/examples]
09-Dec-2021 17:32:58.322 INFO [main] org.apache.catalina.startup.HostConfig.deployDirectory Deployment of web application directory [/home/beaverton/Apache/apache-tomcat-9.0.55/webapps/examples] has finished in [1,560] ms
09-Dec-2021 17:32:58.324 INFO [main] org.apache.catalina.startup.HostConfig.deployDirectory Deploying web application directory [/home/beaverton/Apache/apache-tomcat-9.0.55/webapps/host-manager]
09-Dec-2021 17:32:58.486 INFO [main] org.apache.catalina.startup.HostConfig.deployDirectory Deployment of web application directory [/home/beaverton/Apache/apache-tomcat-9.0.55/webapps/host-manager] has finished in [163] ms
09-Dec-2021 17:32:58.487 INFO [main] org.apache.catalina.startup.HostConfig.deployDirectory Deploying web application directory [/home/beaverton/Apache/apache-tomcat-9.0.55/webapps/manager]
09-Dec-2021 17:32:58.569 INFO [main] org.apache.catalina.startup.HostConfig.deployDirectory Deployment of web application directory [/home/beaverton/Apache/apache-tomcat-9.0.55/webapps/manager] has finished in [82] ms
09-Dec-2021 17:32:58.599 INFO [main] org.apache.coyote.AbstractProtocol.start Starting ProtocolHandler ["http-nio-8080"]
09-Dec-2021 17:32:58.642 INFO [main] org.apache.catalina.startup.Catalina.start Server startup in [3643] milliseconds
09-Dec-2021 17:42:39.299 INFO [Catalina-utility-2] org.apache.catalina.users.MemoryUserDatabase.backgroundProcess Reloading memory user database [UserDatabase] from updated source [file:/home/beaverton/Apache/apache-tomcat-9.0.55/conf/tomcat-users.xml]
09-Dec-2021 17:43:18.102 INFO [main] org.apache.catalina.core.StandardServer.await A valid shutdown command was received via the shutdown port. Stopping the Server instance.
09-Dec-2021 17:43:18.104 INFO [main] org.apache.coyote.AbstractProtocol.pause Pausing ProtocolHandler ["http-nio-8080"]
09-Dec-2021 17:43:18.113 INFO [main] org.apache.catalina.core.StandardService.stopInternal Stopping service [Catalina]
09-Dec-2021 17:43:18.204 INFO [main] org.apache.coyote.AbstractProtocol.stop Stopping ProtocolHandler ["http-nio-8080"]
09-Dec-2021 17:43:18.225 INFO [main] org.apache.coyote.AbstractProtocol.destroy Destroying ProtocolHandler ["http-nio-8080"]
09-Dec-2021 17:43:27.091 INFO [main] org.apache.catalina.startup.VersionLoggerListener.log Server version name:   Apache Tomcat/9.0.55
09-Dec-2021 17:43:27.105 INFO [main] org.apache.catalina.startup.VersionLoggerListener.log Server built:          Nov 10 2021 08:26:45 UTC
09-Dec-2021 17:43:27.105 INFO [main] org.apache.catalina.startup.VersionLoggerListener.log Server version number: 9.0.55.0
09-Dec-2021 17:43:27.106 INFO [main] org.apache.catalina.startup.VersionLoggerListener.log OS Name:               Linux
09-Dec-2021 17:43:27.107 INFO [main] org.apache.catalina.startup.VersionLoggerListener.log OS Version:            5.4.139-16311-g330b3df0010b
09-Dec-2021 17:43:27.107 INFO [main] org.apache.catalina.startup.VersionLoggerListener.log Architecture:          aarch64
09-Dec-2021 17:43:27.108 INFO [main] org.apache.catalina.startup.VersionLoggerListener.log Java Home:             /usr/lib/jvm/java-11-openjdk-arm64
09-Dec-2021 17:43:27.109 INFO [main] org.apache.catalina.startup.VersionLoggerListener.log JVM Version:           11.0.12+7-post-Debian-2deb10u1
09-Dec-2021 17:43:27.109 INFO [main] org.apache.catalina.startup.VersionLoggerListener.log JVM Vendor:            Debian
09-Dec-2021 17:43:27.110 INFO [main] org.apache.catalina.startup.VersionLoggerListener.log CATALINA_BASE:         /home/beaverton/Apache/apache-tomcat-9.0.55
09-Dec-2021 17:43:27.111 INFO [main] org.apache.catalina.startup.VersionLoggerListener.log CATALINA_HOME:         /home/beaverton/Apache/apache-tomcat-9.0.55
09-Dec-2021 17:43:27.166 INFO [main] org.apache.catalina.startup.VersionLoggerListener.log Command line argument: --add-opens=java.base/java.lang=ALL-UNNAMED
09-Dec-2021 17:43:27.169 INFO [main] org.apache.catalina.startup.VersionLoggerListener.log Command line argument: --add-opens=java.base/java.io=ALL-UNNAMED
09-Dec-2021 17:43:27.170 INFO [main] org.apache.catalina.startup.VersionLoggerListener.log Command line argument: --add-opens=java.base/java.util=ALL-UNNAMED
09-Dec-2021 17:43:27.171 INFO [main] org.apache.catalina.startup.VersionLoggerListener.log Command line argument: --add-opens=java.base/java.util.concurrent=ALL-UNNAMED
09-Dec-2021 17:43:27.173 INFO [main] org.apache.catalina.startup.VersionLoggerListener.log Command line argument: --add-opens=java.rmi/sun.rmi.transport=ALL-UNNAMED
09-Dec-2021 17:43:27.174 INFO [main] org.apache.catalina.startup.VersionLoggerListener.log Command line argument: -Djava.util.logging.config.file=/home/beaverton/Apache/apache-tomcat-9.0.55/conf/logging.properties
09-Dec-2021 17:43:27.175 INFO [main] org.apache.catalina.startup.VersionLoggerListener.log Command line argument: -Djava.util.logging.manager=org.apache.juli.ClassLoaderLogManager
09-Dec-2021 17:43:27.176 INFO [main] org.apache.catalina.startup.VersionLoggerListener.log Command line argument: -Djdk.tls.ephemeralDHKeySize=2048
09-Dec-2021 17:43:27.177 INFO [main] org.apache.catalina.startup.VersionLoggerListener.log Command line argument: -Djava.protocol.handler.pkgs=org.apache.catalina.webresources
09-Dec-2021 17:43:27.179 INFO [main] org.apache.catalina.startup.VersionLoggerListener.log Command line argument: -Dorg.apache.catalina.security.SecurityListener.UMASK=0027
09-Dec-2021 17:43:27.180 INFO [main] org.apache.catalina.startup.VersionLoggerListener.log Command line argument: -Dignore.endorsed.dirs=
09-Dec-2021 17:43:27.181 INFO [main] org.apache.catalina.startup.VersionLoggerListener.log Command line argument: -Dcatalina.base=/home/beaverton/Apache/apache-tomcat-9.0.55
09-Dec-2021 17:43:27.182 INFO [main] org.apache.catalina.startup.VersionLoggerListener.log Command line argument: -Dcatalina.home=/home/beaverton/Apache/apache-tomcat-9.0.55
09-Dec-2021 17:43:27.182 INFO [main] org.apache.catalina.startup.VersionLoggerListener.log Command line argument: -Djava.io.tmpdir=/home/beaverton/Apache/apache-tomcat-9.0.55/temp
09-Dec-2021 17:43:27.186 INFO [main] org.apache.catalina.core.AprLifecycleListener.lifecycleEvent The Apache Tomcat Native library which allows using OpenSSL was not found on the java.library.path: [/usr/java/packages/lib:/usr/lib/aarch64-linux-gnu/jni:/lib/aarch64-linux-gnu:/usr/lib/aarch64-linux-gnu:/usr/lib/jni:/lib:/usr/lib]
09-Dec-2021 17:43:28.869 INFO [main] org.apache.coyote.AbstractProtocol.init Initializing ProtocolHandler ["http-nio-8080"]
09-Dec-2021 17:43:29.057 INFO [main] org.apache.catalina.startup.Catalina.load Server initialization in [2823] milliseconds
09-Dec-2021 17:43:29.387 INFO [main] org.apache.catalina.core.StandardService.startInternal Starting service [Catalina]
09-Dec-2021 17:43:29.388 INFO [main] org.apache.catalina.core.StandardEngine.startInternal Starting Servlet engine: [Apache Tomcat/9.0.55]
09-Dec-2021 17:43:29.421 INFO [main] org.apache.catalina.startup.HostConfig.deployDirectory Deploying web application directory [/home/beaverton/Apache/apache-tomcat-9.0.55/webapps/ROOT]
09-Dec-2021 17:43:30.690 INFO [main] org.apache.catalina.startup.HostConfig.deployDirectory Deployment of web application directory [/home/beaverton/Apache/apache-tomcat-9.0.55/webapps/ROOT] has finished in [1,267] ms
09-Dec-2021 17:43:30.691 INFO [main] org.apache.catalina.startup.HostConfig.deployDirectory Deploying web application directory [/home/beaverton/Apache/apache-tomcat-9.0.55/webapps/docs]
09-Dec-2021 17:43:30.788 INFO [main] org.apache.catalina.startup.HostConfig.deployDirectory Deployment of web application directory [/home/beaverton/Apache/apache-tomcat-9.0.55/webapps/docs] has finished in [96] ms
09-Dec-2021 17:43:30.790 INFO [main] org.apache.catalina.startup.HostConfig.deployDirectory Deploying web application directory [/home/beaverton/Apache/apache-tomcat-9.0.55/webapps/examples]
09-Dec-2021 17:43:32.363 INFO [main] org.apache.catalina.startup.HostConfig.deployDirectory Deployment of web application directory [/home/beaverton/Apache/apache-tomcat-9.0.55/webapps/examples] has finished in [1,573] ms
09-Dec-2021 17:43:32.364 INFO [main] org.apache.catalina.startup.HostConfig.deployDirectory Deploying web application directory [/home/beaverton/Apache/apache-tomcat-9.0.55/webapps/host-manager]
09-Dec-2021 17:43:32.541 INFO [main] org.apache.catalina.startup.HostConfig.deployDirectory Deployment of web application directory [/home/beaverton/Apache/apache-tomcat-9.0.55/webapps/host-manager] has finished in [176] ms
09-Dec-2021 17:43:32.543 INFO [main] org.apache.catalina.startup.HostConfig.deployDirectory Deploying web application directory [/home/beaverton/Apache/apache-tomcat-9.0.55/webapps/manager]
09-Dec-2021 17:43:32.735 INFO [main] org.apache.catalina.startup.HostConfig.deployDirectory Deployment of web application directory [/home/beaverton/Apache/apache-tomcat-9.0.55/webapps/manager] has finished in [192] ms
09-Dec-2021 17:43:32.760 INFO [main] org.apache.coyote.AbstractProtocol.start Starting ProtocolHandler ["http-nio-8080"]
09-Dec-2021 17:43:32.791 INFO [main] org.apache.catalina.startup.Catalina.start Server startup in [3731] milliseconds
09-Dec-2021 17:54:04.303 INFO [http-nio-8080-exec-8] org.apache.catalina.startup.HostConfig.undeploy Undeploying context []
09-Dec-2021 17:54:06.277 INFO [http-nio-8080-exec-7] org.apache.catalina.startup.HostConfig.undeploy Undeploying context [/docs]
09-Dec-2021 17:54:06.799 INFO [Catalina-utility-2] org.apache.catalina.startup.HostConfig.undeploy Undeploying context [/docs]
