05-Dec-2021 23:34:54.007 INFO [main] org.apache.catalina.startup.VersionLoggerListener.log Server version name:   Apache Tomcat/9.0.55
05-Dec-2021 23:34:54.019 INFO [main] org.apache.catalina.startup.VersionLoggerListener.log Server built:          Nov 10 2021 08:26:45 UTC
05-Dec-2021 23:34:54.020 INFO [main] org.apache.catalina.startup.VersionLoggerListener.log Server version number: 9.0.55.0
05-Dec-2021 23:34:54.021 INFO [main] org.apache.catalina.startup.VersionLoggerListener.log OS Name:               Linux
05-Dec-2021 23:34:54.021 INFO [main] org.apache.catalina.startup.VersionLoggerListener.log OS Version:            5.4.139-16311-g330b3df0010b
05-Dec-2021 23:34:54.022 INFO [main] org.apache.catalina.startup.VersionLoggerListener.log Architecture:          aarch64
05-Dec-2021 23:34:54.023 INFO [main] org.apache.catalina.startup.VersionLoggerListener.log Java Home:             /usr/lib/jvm/java-11-openjdk-arm64
05-Dec-2021 23:34:54.023 INFO [main] org.apache.catalina.startup.VersionLoggerListener.log JVM Version:           11.0.12+7-post-Debian-2deb10u1
05-Dec-2021 23:34:54.024 INFO [main] org.apache.catalina.startup.VersionLoggerListener.log JVM Vendor:            Debian
05-Dec-2021 23:34:54.024 INFO [main] org.apache.catalina.startup.VersionLoggerListener.log CATALINA_BASE:         /home/beaverton/Apache/apache-tomcat-9.0.55
05-Dec-2021 23:34:54.025 INFO [main] org.apache.catalina.startup.VersionLoggerListener.log CATALINA_HOME:         /home/beaverton/Apache/apache-tomcat-9.0.55
05-Dec-2021 23:34:54.079 INFO [main] org.apache.catalina.startup.VersionLoggerListener.log Command line argument: --add-opens=java.base/java.lang=ALL-UNNAMED
05-Dec-2021 23:34:54.081 INFO [main] org.apache.catalina.startup.VersionLoggerListener.log Command line argument: --add-opens=java.base/java.io=ALL-UNNAMED
05-Dec-2021 23:34:54.082 INFO [main] org.apache.catalina.startup.VersionLoggerListener.log Command line argument: --add-opens=java.base/java.util=ALL-UNNAMED
05-Dec-2021 23:34:54.082 INFO [main] org.apache.catalina.startup.VersionLoggerListener.log Command line argument: --add-opens=java.base/java.util.concurrent=ALL-UNNAMED
05-Dec-2021 23:34:54.083 INFO [main] org.apache.catalina.startup.VersionLoggerListener.log Command line argument: --add-opens=java.rmi/sun.rmi.transport=ALL-UNNAMED
05-Dec-2021 23:34:54.083 INFO [main] org.apache.catalina.startup.VersionLoggerListener.log Command line argument: -Djava.util.logging.config.file=/home/beaverton/Apache/apache-tomcat-9.0.55/conf/logging.properties
05-Dec-2021 23:34:54.084 INFO [main] org.apache.catalina.startup.VersionLoggerListener.log Command line argument: -Djava.util.logging.manager=org.apache.juli.ClassLoaderLogManager
05-Dec-2021 23:34:54.085 INFO [main] org.apache.catalina.startup.VersionLoggerListener.log Command line argument: -Djdk.tls.ephemeralDHKeySize=2048
05-Dec-2021 23:34:54.085 INFO [main] org.apache.catalina.startup.VersionLoggerListener.log Command line argument: -Djava.protocol.handler.pkgs=org.apache.catalina.webresources
05-Dec-2021 23:34:54.086 INFO [main] org.apache.catalina.startup.VersionLoggerListener.log Command line argument: -Dorg.apache.catalina.security.SecurityListener.UMASK=0027
05-Dec-2021 23:34:54.086 INFO [main] org.apache.catalina.startup.VersionLoggerListener.log Command line argument: -Dignore.endorsed.dirs=
05-Dec-2021 23:34:54.087 INFO [main] org.apache.catalina.startup.VersionLoggerListener.log Command line argument: -Dcatalina.base=/home/beaverton/Apache/apache-tomcat-9.0.55
05-Dec-2021 23:34:54.088 INFO [main] org.apache.catalina.startup.VersionLoggerListener.log Command line argument: -Dcatalina.home=/home/beaverton/Apache/apache-tomcat-9.0.55
05-Dec-2021 23:34:54.089 INFO [main] org.apache.catalina.startup.VersionLoggerListener.log Command line argument: -Djava.io.tmpdir=/home/beaverton/Apache/apache-tomcat-9.0.55/temp
05-Dec-2021 23:34:54.094 INFO [main] org.apache.catalina.core.AprLifecycleListener.lifecycleEvent The Apache Tomcat Native library which allows using OpenSSL was not found on the java.library.path: [/usr/java/packages/lib:/usr/lib/aarch64-linux-gnu/jni:/lib/aarch64-linux-gnu:/usr/lib/aarch64-linux-gnu:/usr/lib/jni:/lib:/usr/lib]
05-Dec-2021 23:34:55.600 INFO [main] org.apache.coyote.AbstractProtocol.init Initializing ProtocolHandler ["http-nio-8080"]
05-Dec-2021 23:34:55.659 SEVERE [main] org.apache.catalina.util.LifecycleBase.handleSubClassException Failed to initialize component [Connector[HTTP/1.1-8080]]
	org.apache.catalina.LifecycleException: Protocol handler initialization failed
		at org.apache.catalina.connector.Connector.initInternal(Connector.java:1049)
		at org.apache.catalina.util.LifecycleBase.init(LifecycleBase.java:136)
		at org.apache.catalina.core.StandardService.initInternal(StandardService.java:556)
		at org.apache.catalina.util.LifecycleBase.init(LifecycleBase.java:136)
		at org.apache.catalina.core.StandardServer.initInternal(StandardServer.java:1042)
		at org.apache.catalina.util.LifecycleBase.init(LifecycleBase.java:136)
		at org.apache.catalina.startup.Catalina.load(Catalina.java:724)
		at org.apache.catalina.startup.Catalina.load(Catalina.java:746)
		at java.base/jdk.internal.reflect.NativeMethodAccessorImpl.invoke0(Native Method)
		at java.base/jdk.internal.reflect.NativeMethodAccessorImpl.invoke(NativeMethodAccessorImpl.java:62)
		at java.base/jdk.internal.reflect.DelegatingMethodAccessorImpl.invoke(DelegatingMethodAccessorImpl.java:43)
		at java.base/java.lang.reflect.Method.invoke(Method.java:566)
		at org.apache.catalina.startup.Bootstrap.load(Bootstrap.java:305)
		at org.apache.catalina.startup.Bootstrap.main(Bootstrap.java:475)
	Caused by: java.net.BindException: Address already in use
		at java.base/sun.nio.ch.Net.bind0(Native Method)
		at java.base/sun.nio.ch.Net.bind(Net.java:455)
		at java.base/sun.nio.ch.Net.bind(Net.java:447)
		at java.base/sun.nio.ch.ServerSocketChannelImpl.bind(ServerSocketChannelImpl.java:227)
		at org.apache.tomcat.util.net.NioEndpoint.initServerSocket(NioEndpoint.java:271)
		at org.apache.tomcat.util.net.NioEndpoint.bind(NioEndpoint.java:226)
		at org.apache.tomcat.util.net.AbstractEndpoint.bindWithCleanup(AbstractEndpoint.java:1213)
		at org.apache.tomcat.util.net.AbstractEndpoint.init(AbstractEndpoint.java:1226)
		at org.apache.coyote.AbstractProtocol.init(AbstractProtocol.java:603)
		at org.apache.coyote.http11.AbstractHttp11Protocol.init(AbstractHttp11Protocol.java:80)
		at org.apache.catalina.connector.Connector.initInternal(Connector.java:1046)
		... 13 more
05-Dec-2021 23:34:55.665 INFO [main] org.apache.catalina.startup.Catalina.load Server initialization in [2535] milliseconds
05-Dec-2021 23:34:55.955 INFO [main] org.apache.catalina.core.StandardService.startInternal Starting service [Catalina]
05-Dec-2021 23:34:55.956 INFO [main] org.apache.catalina.core.StandardEngine.startInternal Starting Servlet engine: [Apache Tomcat/9.0.55]
05-Dec-2021 23:34:55.984 INFO [main] org.apache.catalina.startup.HostConfig.deployDirectory Deploying web application directory [/home/beaverton/Apache/apache-tomcat-9.0.55/webapps/ROOT]
05-Dec-2021 23:34:57.149 INFO [main] org.apache.catalina.startup.HostConfig.deployDirectory Deployment of web application directory [/home/beaverton/Apache/apache-tomcat-9.0.55/webapps/ROOT] has finished in [1,164] ms
05-Dec-2021 23:34:57.150 INFO [main] org.apache.catalina.startup.HostConfig.deployDirectory Deploying web application directory [/home/beaverton/Apache/apache-tomcat-9.0.55/webapps/docs]
05-Dec-2021 23:34:57.228 INFO [main] org.apache.catalina.startup.HostConfig.deployDirectory Deployment of web application directory [/home/beaverton/Apache/apache-tomcat-9.0.55/webapps/docs] has finished in [77] ms
05-Dec-2021 23:34:57.229 INFO [main] org.apache.catalina.startup.HostConfig.deployDirectory Deploying web application directory [/home/beaverton/Apache/apache-tomcat-9.0.55/webapps/examples]
05-Dec-2021 23:34:58.393 INFO [main] org.apache.catalina.startup.HostConfig.deployDirectory Deployment of web application directory [/home/beaverton/Apache/apache-tomcat-9.0.55/webapps/examples] has finished in [1,165] ms
05-Dec-2021 23:34:58.395 INFO [main] org.apache.catalina.startup.HostConfig.deployDirectory Deploying web application directory [/home/beaverton/Apache/apache-tomcat-9.0.55/webapps/host-manager]
05-Dec-2021 23:34:58.523 INFO [main] org.apache.catalina.startup.HostConfig.deployDirectory Deployment of web application directory [/home/beaverton/Apache/apache-tomcat-9.0.55/webapps/host-manager] has finished in [128] ms
05-Dec-2021 23:34:58.524 INFO [main] org.apache.catalina.startup.HostConfig.deployDirectory Deploying web application directory [/home/beaverton/Apache/apache-tomcat-9.0.55/webapps/manager]
05-Dec-2021 23:34:58.646 INFO [main] org.apache.catalina.startup.HostConfig.deployDirectory Deployment of web application directory [/home/beaverton/Apache/apache-tomcat-9.0.55/webapps/manager] has finished in [121] ms
05-Dec-2021 23:34:58.667 INFO [main] org.apache.catalina.startup.Catalina.start Server startup in [3000] milliseconds
05-Dec-2021 23:34:58.679 SEVERE [main] org.apache.catalina.core.StandardServer.await Failed to create server shutdown socket on address [localhost] and port [8005] (base port [8005] and offset [0])
	java.net.BindException: Address already in use (Bind failed)
		at java.base/java.net.PlainSocketImpl.socketBind(Native Method)
		at java.base/java.net.AbstractPlainSocketImpl.bind(AbstractPlainSocketImpl.java:436)
		at java.base/java.net.ServerSocket.bind(ServerSocket.java:395)
		at java.base/java.net.ServerSocket.<init>(ServerSocket.java:257)
		at org.apache.catalina.core.StandardServer.await(StandardServer.java:577)
		at org.apache.catalina.startup.Catalina.await(Catalina.java:864)
		at org.apache.catalina.startup.Catalina.start(Catalina.java:810)
		at java.base/jdk.internal.reflect.NativeMethodAccessorImpl.invoke0(Native Method)
		at java.base/jdk.internal.reflect.NativeMethodAccessorImpl.invoke(NativeMethodAccessorImpl.java:62)
		at java.base/jdk.internal.reflect.DelegatingMethodAccessorImpl.invoke(DelegatingMethodAccessorImpl.java:43)
		at java.base/java.lang.reflect.Method.invoke(Method.java:566)
		at org.apache.catalina.startup.Bootstrap.start(Bootstrap.java:345)
		at org.apache.catalina.startup.Bootstrap.main(Bootstrap.java:476)
05-Dec-2021 23:34:58.681 INFO [main] org.apache.coyote.AbstractProtocol.pause Pausing ProtocolHandler ["http-nio-8080"]
05-Dec-2021 23:34:58.682 INFO [main] org.apache.catalina.core.StandardService.stopInternal Stopping service [Catalina]
05-Dec-2021 23:34:58.767 INFO [main] org.apache.coyote.AbstractProtocol.stop Stopping ProtocolHandler ["http-nio-8080"]
05-Dec-2021 23:34:58.772 INFO [main] org.apache.coyote.AbstractProtocol.destroy Destroying ProtocolHandler ["http-nio-8080"]
