11-Dec-2021 20:01:58.399 INFO [main] org.apache.catalina.startup.VersionLoggerListener.log Server version name:   Apache Tomcat/9.0.55
11-Dec-2021 20:01:58.411 INFO [main] org.apache.catalina.startup.VersionLoggerListener.log Server built:          Nov 10 2021 08:26:45 UTC
11-Dec-2021 20:01:58.412 INFO [main] org.apache.catalina.startup.VersionLoggerListener.log Server version number: 9.0.55.0
11-Dec-2021 20:01:58.413 INFO [main] org.apache.catalina.startup.VersionLoggerListener.log OS Name:               Linux
11-Dec-2021 20:01:58.413 INFO [main] org.apache.catalina.startup.VersionLoggerListener.log OS Version:            5.4.139-16311-g330b3df0010b
11-Dec-2021 20:01:58.414 INFO [main] org.apache.catalina.startup.VersionLoggerListener.log Architecture:          aarch64
11-Dec-2021 20:01:58.414 INFO [main] org.apache.catalina.startup.VersionLoggerListener.log Java Home:             /usr/lib/jvm/java-11-openjdk-arm64
11-Dec-2021 20:01:58.415 INFO [main] org.apache.catalina.startup.VersionLoggerListener.log JVM Version:           11.0.12+7-post-Debian-2deb10u1
11-Dec-2021 20:01:58.416 INFO [main] org.apache.catalina.startup.VersionLoggerListener.log JVM Vendor:            Debian
11-Dec-2021 20:01:58.416 INFO [main] org.apache.catalina.startup.VersionLoggerListener.log CATALINA_BASE:         /home/beaverton/Apache/apache-tomcat-9.0.55
11-Dec-2021 20:01:58.417 INFO [main] org.apache.catalina.startup.VersionLoggerListener.log CATALINA_HOME:         /home/beaverton/Apache/apache-tomcat-9.0.55
11-Dec-2021 20:01:58.493 INFO [main] org.apache.catalina.startup.VersionLoggerListener.log Command line argument: --add-opens=java.base/java.lang=ALL-UNNAMED
11-Dec-2021 20:01:58.493 INFO [main] org.apache.catalina.startup.VersionLoggerListener.log Command line argument: --add-opens=java.base/java.io=ALL-UNNAMED
11-Dec-2021 20:01:58.494 INFO [main] org.apache.catalina.startup.VersionLoggerListener.log Command line argument: --add-opens=java.base/java.util=ALL-UNNAMED
11-Dec-2021 20:01:58.495 INFO [main] org.apache.catalina.startup.VersionLoggerListener.log Command line argument: --add-opens=java.base/java.util.concurrent=ALL-UNNAMED
11-Dec-2021 20:01:58.496 INFO [main] org.apache.catalina.startup.VersionLoggerListener.log Command line argument: --add-opens=java.rmi/sun.rmi.transport=ALL-UNNAMED
11-Dec-2021 20:01:58.496 INFO [main] org.apache.catalina.startup.VersionLoggerListener.log Command line argument: -Djava.util.logging.config.file=/home/beaverton/Apache/apache-tomcat-9.0.55/conf/logging.properties
11-Dec-2021 20:01:58.496 INFO [main] org.apache.catalina.startup.VersionLoggerListener.log Command line argument: -Djava.util.logging.manager=org.apache.juli.ClassLoaderLogManager
11-Dec-2021 20:01:58.497 INFO [main] org.apache.catalina.startup.VersionLoggerListener.log Command line argument: -Djdk.tls.ephemeralDHKeySize=2048
11-Dec-2021 20:01:58.497 INFO [main] org.apache.catalina.startup.VersionLoggerListener.log Command line argument: -Djava.protocol.handler.pkgs=org.apache.catalina.webresources
11-Dec-2021 20:01:58.498 INFO [main] org.apache.catalina.startup.VersionLoggerListener.log Command line argument: -Dorg.apache.catalina.security.SecurityListener.UMASK=0027
11-Dec-2021 20:01:58.498 INFO [main] org.apache.catalina.startup.VersionLoggerListener.log Command line argument: -Dignore.endorsed.dirs=
11-Dec-2021 20:01:58.499 INFO [main] org.apache.catalina.startup.VersionLoggerListener.log Command line argument: -Dcatalina.base=/home/beaverton/Apache/apache-tomcat-9.0.55
11-Dec-2021 20:01:58.499 INFO [main] org.apache.catalina.startup.VersionLoggerListener.log Command line argument: -Dcatalina.home=/home/beaverton/Apache/apache-tomcat-9.0.55
11-Dec-2021 20:01:58.499 INFO [main] org.apache.catalina.startup.VersionLoggerListener.log Command line argument: -Djava.io.tmpdir=/home/beaverton/Apache/apache-tomcat-9.0.55/temp
11-Dec-2021 20:01:58.505 INFO [main] org.apache.catalina.core.AprLifecycleListener.lifecycleEvent The Apache Tomcat Native library which allows using OpenSSL was not found on the java.library.path: [/usr/java/packages/lib:/usr/lib/aarch64-linux-gnu/jni:/lib/aarch64-linux-gnu:/usr/lib/aarch64-linux-gnu:/usr/lib/jni:/lib:/usr/lib]
11-Dec-2021 20:02:00.171 INFO [main] org.apache.coyote.AbstractProtocol.init Initializing ProtocolHandler ["http-nio-8080"]
11-Dec-2021 20:02:00.329 INFO [main] org.apache.catalina.startup.Catalina.load Server initialization in [3064] milliseconds
11-Dec-2021 20:02:00.613 INFO [main] org.apache.catalina.core.StandardService.startInternal Starting service [Catalina]
11-Dec-2021 20:02:00.614 INFO [main] org.apache.catalina.core.StandardEngine.startInternal Starting Servlet engine: [Apache Tomcat/9.0.55]
11-Dec-2021 20:02:00.648 INFO [main] org.apache.catalina.startup.HostConfig.deployDirectory Deploying web application directory [/home/beaverton/Apache/apache-tomcat-9.0.55/webapps/examples]
11-Dec-2021 20:02:02.910 INFO [main] org.apache.catalina.startup.HostConfig.deployDirectory Deployment of web application directory [/home/beaverton/Apache/apache-tomcat-9.0.55/webapps/examples] has finished in [2,260] ms
11-Dec-2021 20:02:02.911 INFO [main] org.apache.catalina.startup.HostConfig.deployDirectory Deploying web application directory [/home/beaverton/Apache/apache-tomcat-9.0.55/webapps/host-manager]
11-Dec-2021 20:02:03.009 INFO [main] org.apache.catalina.startup.HostConfig.deployDirectory Deployment of web application directory [/home/beaverton/Apache/apache-tomcat-9.0.55/webapps/host-manager] has finished in [98] ms
11-Dec-2021 20:02:03.011 INFO [main] org.apache.catalina.startup.HostConfig.deployDirectory Deploying web application directory [/home/beaverton/Apache/apache-tomcat-9.0.55/webapps/manager]
11-Dec-2021 20:02:03.098 INFO [main] org.apache.catalina.startup.HostConfig.deployDirectory Deployment of web application directory [/home/beaverton/Apache/apache-tomcat-9.0.55/webapps/manager] has finished in [88] ms
11-Dec-2021 20:02:03.129 INFO [main] org.apache.coyote.AbstractProtocol.start Starting ProtocolHandler ["http-nio-8080"]
11-Dec-2021 20:02:03.163 INFO [main] org.apache.catalina.startup.Catalina.start Server startup in [2832] milliseconds
