09-Dec-2021 16:19:35.202 INFO [main] org.apache.catalina.core.ApplicationContext.log ContextListener: contextInitialized()
09-Dec-2021 16:19:35.203 INFO [main] org.apache.catalina.core.ApplicationContext.log SessionListener: contextInitialized()
09-Dec-2021 16:19:35.210 INFO [main] org.apache.catalina.core.ApplicationContext.log ContextListener: attributeAdded('StockTicker', 'async.Stockticker@c8b96ec')
09-Dec-2021 16:19:35.690 INFO [main] org.apache.catalina.core.ApplicationContext.log SessionListener: contextDestroyed()
09-Dec-2021 16:19:35.690 INFO [main] org.apache.catalina.core.ApplicationContext.log ContextListener: contextDestroyed()
09-Dec-2021 16:46:26.049 INFO [main] org.apache.catalina.core.ApplicationContext.log SessionListener: contextDestroyed()
09-Dec-2021 16:46:26.050 INFO [main] org.apache.catalina.core.ApplicationContext.log ContextListener: contextDestroyed()
09-Dec-2021 16:46:49.281 INFO [main] org.apache.catalina.core.ApplicationContext.log ContextListener: contextInitialized()
09-Dec-2021 16:46:49.282 INFO [main] org.apache.catalina.core.ApplicationContext.log SessionListener: contextInitialized()
09-Dec-2021 16:46:49.290 INFO [main] org.apache.catalina.core.ApplicationContext.log ContextListener: attributeAdded('StockTicker', 'async.Stockticker@547e29a4')
09-Dec-2021 17:32:30.370 INFO [main] org.apache.catalina.core.ApplicationContext.log SessionListener: contextDestroyed()
09-Dec-2021 17:32:30.371 INFO [main] org.apache.catalina.core.ApplicationContext.log ContextListener: contextDestroyed()
09-Dec-2021 17:32:58.271 INFO [main] org.apache.catalina.core.ApplicationContext.log ContextListener: contextInitialized()
09-Dec-2021 17:32:58.272 INFO [main] org.apache.catalina.core.ApplicationContext.log SessionListener: contextInitialized()
09-Dec-2021 17:32:58.277 INFO [main] org.apache.catalina.core.ApplicationContext.log ContextListener: attributeAdded('StockTicker', 'async.Stockticker@1c807b1d')
09-Dec-2021 17:43:18.156 INFO [main] org.apache.catalina.core.ApplicationContext.log SessionListener: contextDestroyed()
09-Dec-2021 17:43:18.156 INFO [main] org.apache.catalina.core.ApplicationContext.log ContextListener: contextDestroyed()
09-Dec-2021 17:43:32.323 INFO [main] org.apache.catalina.core.ApplicationContext.log ContextListener: contextInitialized()
09-Dec-2021 17:43:32.324 INFO [main] org.apache.catalina.core.ApplicationContext.log SessionListener: contextInitialized()
09-Dec-2021 17:43:32.331 INFO [main] org.apache.catalina.core.ApplicationContext.log ContextListener: attributeAdded('StockTicker', 'async.Stockticker@3c291aad')
